
*** Running vivado
    with args -log top.vds -m64 -product Vivado -mode batch -messageDb vivado.pb -notrace -source top.tcl


****** Vivado v2018.3 (64-bit)
  **** SW Build 2405991 on Thu Dec  6 23:38:27 MST 2018
  **** IP Build 2404404 on Fri Dec  7 01:43:56 MST 2018
    ** Copyright 1986-2018 Xilinx, Inc. All Rights Reserved.

source top.tcl -notrace
Command: synth_design -top top -part xc7a35tcsg324-1
Starting synth_design
Attempting to get a license for feature 'Synthesis' and/or device 'xc7a35t'
INFO: [Common 17-349] Got license for feature 'Synthesis' and/or device 'xc7a35t'
INFO: Launching helper process for spawning children vivado processes
INFO: Helper process launched with PID 1412 
WARNING: [Synth 8-2611] redeclaration of ansi port x_pos is not allowed [E:/Workplace/vivado file/Mario/Mario.srcs/sources_1/new/set_area.v:69]
WARNING: [Synth 8-2611] redeclaration of ansi port y_pos is not allowed [E:/Workplace/vivado file/Mario/Mario.srcs/sources_1/new/set_area.v:69]
---------------------------------------------------------------------------------
Starting RTL Elaboration : Time (s): cpu = 00:00:04 ; elapsed = 00:00:03 . Memory (MB): peak = 444.465 ; gain = 110.953
---------------------------------------------------------------------------------
INFO: [Synth 8-6157] synthesizing module 'top' [E:/Workplace/vivado file/Mario/Mario.srcs/sources_1/new/top.v:23]
INFO: [Synth 8-6157] synthesizing module 'div_clk' [E:/Workplace/vivado file/Mario/Mario.srcs/sources_1/new/div_clk.v:23]
	Parameter div bound to: 1 - type: integer 
INFO: [Synth 8-6155] done synthesizing module 'div_clk' (1#1) [E:/Workplace/vivado file/Mario/Mario.srcs/sources_1/new/div_clk.v:23]
INFO: [Synth 8-6157] synthesizing module 'set_area' [E:/Workplace/vivado file/Mario/Mario.srcs/sources_1/new/set_area.v:23]
	Parameter hsync_end bound to: 117 - type: integer 
	Parameter hdat_begin bound to: 205 - type: integer 
	Parameter hdat_end bound to: 1005 - type: integer 
	Parameter hp_end bound to: 1045 - type: integer 
	Parameter vsync_end bound to: 3 - type: integer 
	Parameter vdat_begin bound to: 26 - type: integer 
	Parameter vdat_end bound to: 626 - type: integer 
	Parameter vl_end bound to: 627 - type: integer 
INFO: [Synth 8-6155] done synthesizing module 'set_area' (2#1) [E:/Workplace/vivado file/Mario/Mario.srcs/sources_1/new/set_area.v:23]
INFO: [Synth 8-6157] synthesizing module 'show_blocks' [E:/Workplace/vivado file/Mario/Mario.srcs/sources_1/new/show_blocks.v:23]
	Parameter wall_color bound to: 4095 - type: integer 
WARNING: [Synth 8-3848] Net coin in module/entity show_blocks does not have driver. [E:/Workplace/vivado file/Mario/Mario.srcs/sources_1/new/show_blocks.v:44]
WARNING: [Synth 8-3848] Net other in module/entity show_blocks does not have driver. [E:/Workplace/vivado file/Mario/Mario.srcs/sources_1/new/show_blocks.v:46]
INFO: [Synth 8-6155] done synthesizing module 'show_blocks' (3#1) [E:/Workplace/vivado file/Mario/Mario.srcs/sources_1/new/show_blocks.v:23]
INFO: [Synth 8-6157] synthesizing module 'control' [E:/Workplace/vivado file/Mario/Mario.srcs/sources_1/new/control.v:1]
INFO: [Synth 8-6155] done synthesizing module 'control' (4#1) [E:/Workplace/vivado file/Mario/Mario.srcs/sources_1/new/control.v:1]
INFO: [Synth 8-6155] done synthesizing module 'top' (5#1) [E:/Workplace/vivado file/Mario/Mario.srcs/sources_1/new/top.v:23]
WARNING: [Synth 8-3331] design control has unconnected port key[1]
---------------------------------------------------------------------------------
Finished RTL Elaboration : Time (s): cpu = 00:00:05 ; elapsed = 00:00:05 . Memory (MB): peak = 479.020 ; gain = 145.508
---------------------------------------------------------------------------------

Report Check Netlist: 
+------+------------------+-------+---------+-------+------------------+
|      |Item              |Errors |Warnings |Status |Description       |
+------+------------------+-------+---------+-------+------------------+
|1     |multi_driven_nets |      0|        0|Passed |Multi driven nets |
+------+------------------+-------+---------+-------+------------------+
---------------------------------------------------------------------------------
Start Handling Custom Attributes
---------------------------------------------------------------------------------
---------------------------------------------------------------------------------
Finished Handling Custom Attributes : Time (s): cpu = 00:00:05 ; elapsed = 00:00:05 . Memory (MB): peak = 479.020 ; gain = 145.508
---------------------------------------------------------------------------------
---------------------------------------------------------------------------------
Finished RTL Optimization Phase 1 : Time (s): cpu = 00:00:05 ; elapsed = 00:00:05 . Memory (MB): peak = 479.020 ; gain = 145.508
---------------------------------------------------------------------------------
INFO: [Device 21-403] Loading part xc7a35tcsg324-1
INFO: [Project 1-570] Preparing netlist for logic optimization

Processing XDC Constraints
Initializing timing engine
Parsing XDC File [E:/Workplace/vivado file/Mario/Mario.srcs/constrs_1/new/final.xdc]
Finished Parsing XDC File [E:/Workplace/vivado file/Mario/Mario.srcs/constrs_1/new/final.xdc]
INFO: [Project 1-236] Implementation specific constraints were found while reading constraint file [E:/Workplace/vivado file/Mario/Mario.srcs/constrs_1/new/final.xdc]. These constraints will be ignored for synthesis but will be used in implementation. Impacted constraints are listed in the file [.Xil/top_propImpl.xdc].
Resolution: To avoid this warning, move constraints listed in [.Xil/top_propImpl.xdc] to another XDC file and exclude this new file from synthesis with the used_in_synthesis property (File Properties dialog in GUI) and re-run elaboration/synthesis.
Netlist sorting complete. Time (s): cpu = 00:00:00 ; elapsed = 00:00:00 . Memory (MB): peak = 805.613 ; gain = 0.000
Completed Processing XDC Constraints

Netlist sorting complete. Time (s): cpu = 00:00:00 ; elapsed = 00:00:00 . Memory (MB): peak = 805.613 ; gain = 0.000
INFO: [Project 1-111] Unisim Transformation Summary:
No Unisim elements were transformed.

Netlist sorting complete. Time (s): cpu = 00:00:00 ; elapsed = 00:00:00 . Memory (MB): peak = 805.613 ; gain = 0.000
Constraint Validation Runtime : Time (s): cpu = 00:00:00 ; elapsed = 00:00:00.002 . Memory (MB): peak = 805.613 ; gain = 0.000
---------------------------------------------------------------------------------
Finished Constraint Validation : Time (s): cpu = 00:00:16 ; elapsed = 00:00:17 . Memory (MB): peak = 805.613 ; gain = 472.102
---------------------------------------------------------------------------------
---------------------------------------------------------------------------------
Start Loading Part and Timing Information
---------------------------------------------------------------------------------
Loading part: xc7a35tcsg324-1
---------------------------------------------------------------------------------
Finished Loading Part and Timing Information : Time (s): cpu = 00:00:16 ; elapsed = 00:00:17 . Memory (MB): peak = 805.613 ; gain = 472.102
---------------------------------------------------------------------------------
---------------------------------------------------------------------------------
Start Applying 'set_property' XDC Constraints
---------------------------------------------------------------------------------
---------------------------------------------------------------------------------
Finished applying 'set_property' XDC Constraints : Time (s): cpu = 00:00:16 ; elapsed = 00:00:17 . Memory (MB): peak = 805.613 ; gain = 472.102
---------------------------------------------------------------------------------
INFO: [Synth 8-5546] ROM "y_counter" won't be mapped to RAM because it is too sparse
INFO: [Synth 8-5818] HDL ADVISOR - The operator resource <adder> is shared. To prevent sharing consider applying a KEEP on the output of the operator [E:/Workplace/vivado file/Mario/Mario.srcs/sources_1/new/control.v:45]
INFO: [Synth 8-5818] HDL ADVISOR - The operator resource <adder> is shared. To prevent sharing consider applying a KEEP on the output of the operator [E:/Workplace/vivado file/Mario/Mario.srcs/sources_1/new/control.v:69]
INFO: [Synth 8-5818] HDL ADVISOR - The operator resource <adder> is shared. To prevent sharing consider applying a KEEP on the output of the operator [E:/Workplace/vivado file/Mario/Mario.srcs/sources_1/new/control.v:69]
---------------------------------------------------------------------------------
Finished RTL Optimization Phase 2 : Time (s): cpu = 00:00:17 ; elapsed = 00:00:18 . Memory (MB): peak = 805.613 ; gain = 472.102
---------------------------------------------------------------------------------

Report RTL Partitions: 
+-+--------------+------------+----------+
| |RTL Partition |Replication |Instances |
+-+--------------+------------+----------+
+-+--------------+------------+----------+
---------------------------------------------------------------------------------
Start RTL Component Statistics 
---------------------------------------------------------------------------------
Detailed RTL Component Info : 
+---Adders : 
	   2 Input     22 Bit       Adders := 1     
	   2 Input     17 Bit       Adders := 1     
	   2 Input     11 Bit       Adders := 4     
	   2 Input     10 Bit       Adders := 9     
	   2 Input      2 Bit       Adders := 2     
+---Registers : 
	               12 Bit    Registers := 1     
	               11 Bit    Registers := 2     
	               10 Bit    Registers := 1     
	                2 Bit    Registers := 2     
	                1 Bit    Registers := 1     
+---Muxes : 
	   2 Input     12 Bit        Muxes := 1     
	   4 Input     12 Bit        Muxes := 1     
	   2 Input     11 Bit        Muxes := 2     
	   2 Input     10 Bit        Muxes := 2     
	   2 Input      9 Bit        Muxes := 1     
	   2 Input      2 Bit        Muxes := 3     
	   2 Input      1 Bit        Muxes := 9     
	   4 Input      1 Bit        Muxes := 2     
---------------------------------------------------------------------------------
Finished RTL Component Statistics 
---------------------------------------------------------------------------------
---------------------------------------------------------------------------------
Start RTL Hierarchical Component Statistics 
---------------------------------------------------------------------------------
Hierarchical RTL Component report 
Module div_clk 
Detailed RTL Component Info : 
+---Adders : 
	   2 Input      2 Bit       Adders := 1     
+---Registers : 
	                2 Bit    Registers := 1     
Module set_area 
Detailed RTL Component Info : 
+---Adders : 
	   2 Input     11 Bit       Adders := 2     
	   2 Input     10 Bit       Adders := 2     
	   2 Input      2 Bit       Adders := 1     
+---Registers : 
	               11 Bit    Registers := 2     
	                2 Bit    Registers := 1     
+---Muxes : 
	   2 Input     11 Bit        Muxes := 2     
	   2 Input      1 Bit        Muxes := 1     
Module show_blocks 
Detailed RTL Component Info : 
+---Registers : 
	               12 Bit    Registers := 1     
+---Muxes : 
	   2 Input     12 Bit        Muxes := 1     
	   4 Input     12 Bit        Muxes := 1     
	   2 Input      9 Bit        Muxes := 1     
	   4 Input      1 Bit        Muxes := 2     
	   2 Input      1 Bit        Muxes := 2     
Module control 
Detailed RTL Component Info : 
+---Adders : 
	   2 Input     22 Bit       Adders := 1     
	   2 Input     17 Bit       Adders := 1     
	   2 Input     11 Bit       Adders := 2     
	   2 Input     10 Bit       Adders := 7     
+---Registers : 
	               10 Bit    Registers := 1     
	                1 Bit    Registers := 1     
+---Muxes : 
	   2 Input     10 Bit        Muxes := 2     
	   2 Input      2 Bit        Muxes := 3     
	   2 Input      1 Bit        Muxes := 6     
---------------------------------------------------------------------------------
Finished RTL Hierarchical Component Statistics
---------------------------------------------------------------------------------
---------------------------------------------------------------------------------
Start Part Resource Summary
---------------------------------------------------------------------------------
Part Resources:
DSPs: 90 (col length:60)
BRAMs: 100 (col length: RAMB18 60 RAMB36 30)
---------------------------------------------------------------------------------
Finished Part Resource Summary
---------------------------------------------------------------------------------
---------------------------------------------------------------------------------
Start Cross Boundary and Area Optimization
---------------------------------------------------------------------------------
Warning: Parallel synthesis criteria is not met 
INFO: [Synth 8-5546] ROM "area/y_counter" won't be mapped to RAM because it is too sparse
WARNING: [Synth 8-3331] design control has unconnected port key[1]
INFO: [Synth 8-3886] merging instance 'show/RGB_reg[0]' (FDR) to 'show/RGB_reg[1]'
INFO: [Synth 8-3886] merging instance 'show/RGB_reg[1]' (FDR) to 'show/RGB_reg[3]'
INFO: [Synth 8-3886] merging instance 'show/RGB_reg[2]' (FDS) to 'show/RGB_reg[4]'
INFO: [Synth 8-3886] merging instance 'show/RGB_reg[3]' (FDR) to 'show/RGB_reg[9]'
INFO: [Synth 8-3886] merging instance 'show/RGB_reg[4]' (FDS) to 'show/RGB_reg[5]'
INFO: [Synth 8-3886] merging instance 'show/RGB_reg[5]' (FDS) to 'show/RGB_reg[6]'
INFO: [Synth 8-3886] merging instance 'show/RGB_reg[6]' (FDS) to 'show/RGB_reg[7]'
INFO: [Synth 8-3886] merging instance 'show/RGB_reg[7]' (FDS) to 'show/RGB_reg[8]'
INFO: [Synth 8-3886] merging instance 'show/RGB_reg[9]' (FDR) to 'show/RGB_reg[10]'
INFO: [Synth 8-3886] merging instance 'show/RGB_reg[10]' (FDR) to 'show/RGB_reg[11]'
CRITICAL WARNING: [Synth 8-6859] multi-driven net on pin Q with 1st driver pin 'con/edget_reg[9]__1/Q' [E:/Workplace/vivado file/Mario/Mario.srcs/sources_1/new/control.v:27]
CRITICAL WARNING: [Synth 8-6859] multi-driven net on pin Q with 2nd driver pin 'GND' [E:/Workplace/vivado file/Mario/Mario.srcs/sources_1/new/control.v:27]
CRITICAL WARNING: [Synth 8-6858] multi-driven net Q is connected to at least one constant driver which has been preserved, other driver is ignored [E:/Workplace/vivado file/Mario/Mario.srcs/sources_1/new/control.v:27]
CRITICAL WARNING: [Synth 8-6859] multi-driven net on pin Q with 1st driver pin 'con/edget_reg[8]__1/Q' [E:/Workplace/vivado file/Mario/Mario.srcs/sources_1/new/control.v:27]
CRITICAL WARNING: [Synth 8-6859] multi-driven net on pin Q with 2nd driver pin 'VCC' [E:/Workplace/vivado file/Mario/Mario.srcs/sources_1/new/control.v:27]
CRITICAL WARNING: [Synth 8-6858] multi-driven net Q is connected to at least one constant driver which has been preserved, other driver is ignored [E:/Workplace/vivado file/Mario/Mario.srcs/sources_1/new/control.v:27]
CRITICAL WARNING: [Synth 8-6859] multi-driven net on pin Q with 1st driver pin 'con/edget_reg[7]__1/Q' [E:/Workplace/vivado file/Mario/Mario.srcs/sources_1/new/control.v:27]
CRITICAL WARNING: [Synth 8-6859] multi-driven net on pin Q with 2nd driver pin 'VCC' [E:/Workplace/vivado file/Mario/Mario.srcs/sources_1/new/control.v:27]
CRITICAL WARNING: [Synth 8-6858] multi-driven net Q is connected to at least one constant driver which has been preserved, other driver is ignored [E:/Workplace/vivado file/Mario/Mario.srcs/sources_1/new/control.v:27]
CRITICAL WARNING: [Synth 8-6859] multi-driven net on pin Q with 1st driver pin 'con/edget_reg[6]__1/Q' [E:/Workplace/vivado file/Mario/Mario.srcs/sources_1/new/control.v:27]
CRITICAL WARNING: [Synth 8-6859] multi-driven net on pin Q with 2nd driver pin 'VCC' [E:/Workplace/vivado file/Mario/Mario.srcs/sources_1/new/control.v:27]
CRITICAL WARNING: [Synth 8-6858] multi-driven net Q is connected to at least one constant driver which has been preserved, other driver is ignored [E:/Workplace/vivado file/Mario/Mario.srcs/sources_1/new/control.v:27]
CRITICAL WARNING: [Synth 8-6859] multi-driven net on pin Q with 1st driver pin 'con/edget_reg[5]__1/Q' [E:/Workplace/vivado file/Mario/Mario.srcs/sources_1/new/control.v:27]
CRITICAL WARNING: [Synth 8-6859] multi-driven net on pin Q with 2nd driver pin 'GND' [E:/Workplace/vivado file/Mario/Mario.srcs/sources_1/new/control.v:27]
CRITICAL WARNING: [Synth 8-6858] multi-driven net Q is connected to at least one constant driver which has been preserved, other driver is ignored [E:/Workplace/vivado file/Mario/Mario.srcs/sources_1/new/control.v:27]
CRITICAL WARNING: [Synth 8-6859] multi-driven net on pin Q with 1st driver pin 'con/edget_reg[4]__1/Q' [E:/Workplace/vivado file/Mario/Mario.srcs/sources_1/new/control.v:27]
CRITICAL WARNING: [Synth 8-6859] multi-driven net on pin Q with 2nd driver pin 'GND' [E:/Workplace/vivado file/Mario/Mario.srcs/sources_1/new/control.v:27]
CRITICAL WARNING: [Synth 8-6858] multi-driven net Q is connected to at least one constant driver which has been preserved, other driver is ignored [E:/Workplace/vivado file/Mario/Mario.srcs/sources_1/new/control.v:27]
CRITICAL WARNING: [Synth 8-6859] multi-driven net on pin Q with 1st driver pin 'con/edget_reg[3]__1/Q' [E:/Workplace/vivado file/Mario/Mario.srcs/sources_1/new/control.v:27]
CRITICAL WARNING: [Synth 8-6859] multi-driven net on pin Q with 2nd driver pin 'GND' [E:/Workplace/vivado file/Mario/Mario.srcs/sources_1/new/control.v:27]
CRITICAL WARNING: [Synth 8-6858] multi-driven net Q is connected to at least one constant driver which has been preserved, other driver is ignored [E:/Workplace/vivado file/Mario/Mario.srcs/sources_1/new/control.v:27]
CRITICAL WARNING: [Synth 8-6859] multi-driven net on pin Q with 1st driver pin 'con/edget_reg[2]__1/Q' [E:/Workplace/vivado file/Mario/Mario.srcs/sources_1/new/control.v:27]
CRITICAL WARNING: [Synth 8-6859] multi-driven net on pin Q with 2nd driver pin 'GND' [E:/Workplace/vivado file/Mario/Mario.srcs/sources_1/new/control.v:27]
CRITICAL WARNING: [Synth 8-6858] multi-driven net Q is connected to at least one constant driver which has been preserved, other driver is ignored [E:/Workplace/vivado file/Mario/Mario.srcs/sources_1/new/control.v:27]
CRITICAL WARNING: [Synth 8-6859] multi-driven net on pin Q with 1st driver pin 'con/edget_reg[1]__1/Q' [E:/Workplace/vivado file/Mario/Mario.srcs/sources_1/new/control.v:27]
CRITICAL WARNING: [Synth 8-6859] multi-driven net on pin Q with 2nd driver pin 'VCC' [E:/Workplace/vivado file/Mario/Mario.srcs/sources_1/new/control.v:27]
CRITICAL WARNING: [Synth 8-6858] multi-driven net Q is connected to at least one constant driver which has been preserved, other driver is ignored [E:/Workplace/vivado file/Mario/Mario.srcs/sources_1/new/control.v:27]
CRITICAL WARNING: [Synth 8-6859] multi-driven net on pin Q with 1st driver pin 'con/edget_reg[0]__1/Q' [E:/Workplace/vivado file/Mario/Mario.srcs/sources_1/new/control.v:27]
CRITICAL WARNING: [Synth 8-6859] multi-driven net on pin Q with 2nd driver pin 'VCC' [E:/Workplace/vivado file/Mario/Mario.srcs/sources_1/new/control.v:27]
CRITICAL WARNING: [Synth 8-6858] multi-driven net Q is connected to at least one constant driver which has been preserved, other driver is ignored [E:/Workplace/vivado file/Mario/Mario.srcs/sources_1/new/control.v:27]
CRITICAL WARNING: [Synth 8-6859] multi-driven net on pin Q with 1st driver pin 'con/edgeb_reg[9]__1/Q' [E:/Workplace/vivado file/Mario/Mario.srcs/sources_1/new/control.v:28]
CRITICAL WARNING: [Synth 8-6859] multi-driven net on pin Q with 2nd driver pin 'GND' [E:/Workplace/vivado file/Mario/Mario.srcs/sources_1/new/control.v:28]
CRITICAL WARNING: [Synth 8-6858] multi-driven net Q is connected to at least one constant driver which has been preserved, other driver is ignored [E:/Workplace/vivado file/Mario/Mario.srcs/sources_1/new/control.v:28]
CRITICAL WARNING: [Synth 8-6859] multi-driven net on pin Q with 1st driver pin 'con/edgeb_reg[8]__1/Q' [E:/Workplace/vivado file/Mario/Mario.srcs/sources_1/new/control.v:28]
CRITICAL WARNING: [Synth 8-6859] multi-driven net on pin Q with 2nd driver pin 'VCC' [E:/Workplace/vivado file/Mario/Mario.srcs/sources_1/new/control.v:28]
CRITICAL WARNING: [Synth 8-6858] multi-driven net Q is connected to at least one constant driver which has been preserved, other driver is ignored [E:/Workplace/vivado file/Mario/Mario.srcs/sources_1/new/control.v:28]
CRITICAL WARNING: [Synth 8-6859] multi-driven net on pin Q with 1st driver pin 'con/edgeb_reg[7]__1/Q' [E:/Workplace/vivado file/Mario/Mario.srcs/sources_1/new/control.v:28]
CRITICAL WARNING: [Synth 8-6859] multi-driven net on pin Q with 2nd driver pin 'VCC' [E:/Workplace/vivado file/Mario/Mario.srcs/sources_1/new/control.v:28]
CRITICAL WARNING: [Synth 8-6858] multi-driven net Q is connected to at least one constant driver which has been preserved, other driver is ignored [E:/Workplace/vivado file/Mario/Mario.srcs/sources_1/new/control.v:28]
CRITICAL WARNING: [Synth 8-6859] multi-driven net on pin Q with 1st driver pin 'con/edgeb_reg[6]__1/Q' [E:/Workplace/vivado file/Mario/Mario.srcs/sources_1/new/control.v:28]
CRITICAL WARNING: [Synth 8-6859] multi-driven net on pin Q with 2nd driver pin 'VCC' [E:/Workplace/vivado file/Mario/Mario.srcs/sources_1/new/control.v:28]
CRITICAL WARNING: [Synth 8-6858] multi-driven net Q is connected to at least one constant driver which has been preserved, other driver is ignored [E:/Workplace/vivado file/Mario/Mario.srcs/sources_1/new/control.v:28]
CRITICAL WARNING: [Synth 8-6859] multi-driven net on pin Q with 1st driver pin 'con/edgeb_reg[5]__1/Q' [E:/Workplace/vivado file/Mario/Mario.srcs/sources_1/new/control.v:28]
CRITICAL WARNING: [Synth 8-6859] multi-driven net on pin Q with 2nd driver pin 'GND' [E:/Workplace/vivado file/Mario/Mario.srcs/sources_1/new/control.v:28]
CRITICAL WARNING: [Synth 8-6858] multi-driven net Q is connected to at least one constant driver which has been preserved, other driver is ignored [E:/Workplace/vivado file/Mario/Mario.srcs/sources_1/new/control.v:28]
CRITICAL WARNING: [Synth 8-6859] multi-driven net on pin Q with 1st driver pin 'con/edgeb_reg[4]__1/Q' [E:/Workplace/vivado file/Mario/Mario.srcs/sources_1/new/control.v:28]
CRITICAL WARNING: [Synth 8-6859] multi-driven net on pin Q with 2nd driver pin 'VCC' [E:/Workplace/vivado file/Mario/Mario.srcs/sources_1/new/control.v:28]
CRITICAL WARNING: [Synth 8-6858] multi-driven net Q is connected to at least one constant driver which has been preserved, other driver is ignored [E:/Workplace/vivado file/Mario/Mario.srcs/sources_1/new/control.v:28]
CRITICAL WARNING: [Synth 8-6859] multi-driven net on pin Q with 1st driver pin 'con/edgeb_reg[3]__1/Q' [E:/Workplace/vivado file/Mario/Mario.srcs/sources_1/new/control.v:28]
CRITICAL WARNING: [Synth 8-6859] multi-driven net on pin Q with 2nd driver pin 'VCC' [E:/Workplace/vivado file/Mario/Mario.srcs/sources_1/new/control.v:28]
CRITICAL WARNING: [Synth 8-6858] multi-driven net Q is connected to at least one constant driver which has been preserved, other driver is ignored [E:/Workplace/vivado file/Mario/Mario.srcs/sources_1/new/control.v:28]
CRITICAL WARNING: [Synth 8-6859] multi-driven net on pin Q with 1st driver pin 'con/edgeb_reg[2]__1/Q' [E:/Workplace/vivado file/Mario/Mario.srcs/sources_1/new/control.v:28]
CRITICAL WARNING: [Synth 8-6859] multi-driven net on pin Q with 2nd driver pin 'GND' [E:/Workplace/vivado file/Mario/Mario.srcs/sources_1/new/control.v:28]
CRITICAL WARNING: [Synth 8-6858] multi-driven net Q is connected to at least one constant driver which has been preserved, other driver is ignored [E:/Workplace/vivado file/Mario/Mario.srcs/sources_1/new/control.v:28]
CRITICAL WARNING: [Synth 8-6859] multi-driven net on pin Q with 1st driver pin 'con/edgeb_reg[1]__1/Q' [E:/Workplace/vivado file/Mario/Mario.srcs/sources_1/new/control.v:28]
CRITICAL WARNING: [Synth 8-6859] multi-driven net on pin Q with 2nd driver pin 'VCC' [E:/Workplace/vivado file/Mario/Mario.srcs/sources_1/new/control.v:28]
CRITICAL WARNING: [Synth 8-6858] multi-driven net Q is connected to at least one constant driver which has been preserved, other driver is ignored [E:/Workplace/vivado file/Mario/Mario.srcs/sources_1/new/control.v:28]
CRITICAL WARNING: [Synth 8-6859] multi-driven net on pin Q with 1st driver pin 'con/edgeb_reg[0]__1/Q' [E:/Workplace/vivado file/Mario/Mario.srcs/sources_1/new/control.v:28]
CRITICAL WARNING: [Synth 8-6859] multi-driven net on pin Q with 2nd driver pin 'VCC' [E:/Workplace/vivado file/Mario/Mario.srcs/sources_1/new/control.v:28]
CRITICAL WARNING: [Synth 8-6858] multi-driven net Q is connected to at least one constant driver which has been preserved, other driver is ignored [E:/Workplace/vivado file/Mario/Mario.srcs/sources_1/new/control.v:28]
CRITICAL WARNING: [Synth 8-6859] multi-driven net on pin Q with 1st driver pin 'con/edgel_reg[9]__0/Q' [E:/Workplace/vivado file/Mario/Mario.srcs/sources_1/new/control.v:29]
CRITICAL WARNING: [Synth 8-6859] multi-driven net on pin Q with 2nd driver pin 'GND' [E:/Workplace/vivado file/Mario/Mario.srcs/sources_1/new/control.v:29]
CRITICAL WARNING: [Synth 8-6858] multi-driven net Q is connected to at least one constant driver which has been preserved, other driver is ignored [E:/Workplace/vivado file/Mario/Mario.srcs/sources_1/new/control.v:29]
CRITICAL WARNING: [Synth 8-6859] multi-driven net on pin Q with 1st driver pin 'con/edgel_reg[8]__0/Q' [E:/Workplace/vivado file/Mario/Mario.srcs/sources_1/new/control.v:29]
CRITICAL WARNING: [Synth 8-6859] multi-driven net on pin Q with 2nd driver pin 'GND' [E:/Workplace/vivado file/Mario/Mario.srcs/sources_1/new/control.v:29]
CRITICAL WARNING: [Synth 8-6858] multi-driven net Q is connected to at least one constant driver which has been preserved, other driver is ignored [E:/Workplace/vivado file/Mario/Mario.srcs/sources_1/new/control.v:29]
CRITICAL WARNING: [Synth 8-6859] multi-driven net on pin Q with 1st driver pin 'con/edgel_reg[7]__0/Q' [E:/Workplace/vivado file/Mario/Mario.srcs/sources_1/new/control.v:29]
CRITICAL WARNING: [Synth 8-6859] multi-driven net on pin Q with 2nd driver pin 'GND' [E:/Workplace/vivado file/Mario/Mario.srcs/sources_1/new/control.v:29]
CRITICAL WARNING: [Synth 8-6858] multi-driven net Q is connected to at least one constant driver which has been preserved, other driver is ignored [E:/Workplace/vivado file/Mario/Mario.srcs/sources_1/new/control.v:29]
CRITICAL WARNING: [Synth 8-6859] multi-driven net on pin Q with 1st driver pin 'con/edgel_reg[6]__0/Q' [E:/Workplace/vivado file/Mario/Mario.srcs/sources_1/new/control.v:29]
CRITICAL WARNING: [Synth 8-6859] multi-driven net on pin Q with 2nd driver pin 'GND' [E:/Workplace/vivado file/Mario/Mario.srcs/sources_1/new/control.v:29]
CRITICAL WARNING: [Synth 8-6858] multi-driven net Q is connected to at least one constant driver which has been preserved, other driver is ignored [E:/Workplace/vivado file/Mario/Mario.srcs/sources_1/new/control.v:29]
CRITICAL WARNING: [Synth 8-6859] multi-driven net on pin Q with 1st driver pin 'con/edgel_reg[5]__0/Q' [E:/Workplace/vivado file/Mario/Mario.srcs/sources_1/new/control.v:29]
CRITICAL WARNING: [Synth 8-6859] multi-driven net on pin Q with 2nd driver pin 'GND' [E:/Workplace/vivado file/Mario/Mario.srcs/sources_1/new/control.v:29]
CRITICAL WARNING: [Synth 8-6858] multi-driven net Q is connected to at least one constant driver which has been preserved, other driver is ignored [E:/Workplace/vivado file/Mario/Mario.srcs/sources_1/new/control.v:29]
CRITICAL WARNING: [Synth 8-6859] multi-driven net on pin Q with 1st driver pin 'con/edgel_reg[4]__0/Q' [E:/Workplace/vivado file/Mario/Mario.srcs/sources_1/new/control.v:29]
CRITICAL WARNING: [Synth 8-6859] multi-driven net on pin Q with 2nd driver pin 'VCC' [E:/Workplace/vivado file/Mario/Mario.srcs/sources_1/new/control.v:29]
CRITICAL WARNING: [Synth 8-6858] multi-driven net Q is connected to at least one constant driver which has been preserved, other driver is ignored [E:/Workplace/vivado file/Mario/Mario.srcs/sources_1/new/control.v:29]
CRITICAL WARNING: [Synth 8-6859] multi-driven net on pin Q with 1st driver pin 'con/edgel_reg[3]__0/Q' [E:/Workplace/vivado file/Mario/Mario.srcs/sources_1/new/control.v:29]
CRITICAL WARNING: [Synth 8-6859] multi-driven net on pin Q with 2nd driver pin 'VCC' [E:/Workplace/vivado file/Mario/Mario.srcs/sources_1/new/control.v:29]
CRITICAL WARNING: [Synth 8-6858] multi-driven net Q is connected to at least one constant driver which has been preserved, other driver is ignored [E:/Workplace/vivado file/Mario/Mario.srcs/sources_1/new/control.v:29]
CRITICAL WARNING: [Synth 8-6859] multi-driven net on pin Q with 1st driver pin 'con/edgel_reg[2]__0/Q' [E:/Workplace/vivado file/Mario/Mario.srcs/sources_1/new/control.v:29]
CRITICAL WARNING: [Synth 8-6859] multi-driven net on pin Q with 2nd driver pin 'GND' [E:/Workplace/vivado file/Mario/Mario.srcs/sources_1/new/control.v:29]
CRITICAL WARNING: [Synth 8-6858] multi-driven net Q is connected to at least one constant driver which has been preserved, other driver is ignored [E:/Workplace/vivado file/Mario/Mario.srcs/sources_1/new/control.v:29]
CRITICAL WARNING: [Synth 8-6859] multi-driven net on pin Q with 1st driver pin 'con/edgel_reg[1]__0/Q' [E:/Workplace/vivado file/Mario/Mario.srcs/sources_1/new/control.v:29]
CRITICAL WARNING: [Synth 8-6859] multi-driven net on pin Q with 2nd driver pin 'GND' [E:/Workplace/vivado file/Mario/Mario.srcs/sources_1/new/control.v:29]
CRITICAL WARNING: [Synth 8-6858] multi-driven net Q is connected to at least one constant driver which has been preserved, other driver is ignored [E:/Workplace/vivado file/Mario/Mario.srcs/sources_1/new/control.v:29]
CRITICAL WARNING: [Synth 8-6859] multi-driven net on pin Q with 1st driver pin 'con/edgel_reg[0]__0/Q' [E:/Workplace/vivado file/Mario/Mario.srcs/sources_1/new/control.v:29]
CRITICAL WARNING: [Synth 8-6859] multi-driven net on pin Q with 2nd driver pin 'GND' [E:/Workplace/vivado file/Mario/Mario.srcs/sources_1/new/control.v:29]
CRITICAL WARNING: [Synth 8-6858] multi-driven net Q is connected to at least one constant driver which has been preserved, other driver is ignored [E:/Workplace/vivado file/Mario/Mario.srcs/sources_1/new/control.v:29]
CRITICAL WARNING: [Synth 8-6859] multi-driven net on pin Q with 1st driver pin 'con/edger_reg[9]__0/Q' [E:/Workplace/vivado file/Mario/Mario.srcs/sources_1/new/control.v:30]
CRITICAL WARNING: [Synth 8-6859] multi-driven net on pin Q with 2nd driver pin 'GND' [E:/Workplace/vivado file/Mario/Mario.srcs/sources_1/new/control.v:30]
CRITICAL WARNING: [Synth 8-6858] multi-driven net Q is connected to at least one constant driver which has been preserved, other driver is ignored [E:/Workplace/vivado file/Mario/Mario.srcs/sources_1/new/control.v:30]
CRITICAL WARNING: [Synth 8-6859] multi-driven net on pin Q with 1st driver pin 'con/edger_reg[8]__0/Q' [E:/Workplace/vivado file/Mario/Mario.srcs/sources_1/new/control.v:30]
CRITICAL WARNING: [Synth 8-6859] multi-driven net on pin Q with 2nd driver pin 'GND' [E:/Workplace/vivado file/Mario/Mario.srcs/sources_1/new/control.v:30]
CRITICAL WARNING: [Synth 8-6858] multi-driven net Q is connected to at least one constant driver which has been preserved, other driver is ignored [E:/Workplace/vivado file/Mario/Mario.srcs/sources_1/new/control.v:30]
CRITICAL WARNING: [Synth 8-6859] multi-driven net on pin Q with 1st driver pin 'con/edger_reg[7]__0/Q' [E:/Workplace/vivado file/Mario/Mario.srcs/sources_1/new/control.v:30]
CRITICAL WARNING: [Synth 8-6859] multi-driven net on pin Q with 2nd driver pin 'GND' [E:/Workplace/vivado file/Mario/Mario.srcs/sources_1/new/control.v:30]
CRITICAL WARNING: [Synth 8-6858] multi-driven net Q is connected to at least one constant driver which has been preserved, other driver is ignored [E:/Workplace/vivado file/Mario/Mario.srcs/sources_1/new/control.v:30]
CRITICAL WARNING: [Synth 8-6859] multi-driven net on pin Q with 1st driver pin 'con/edger_reg[6]__0/Q' [E:/Workplace/vivado file/Mario/Mario.srcs/sources_1/new/control.v:30]
CRITICAL WARNING: [Synth 8-6859] multi-driven net on pin Q with 2nd driver pin 'GND' [E:/Workplace/vivado file/Mario/Mario.srcs/sources_1/new/control.v:30]
CRITICAL WARNING: [Synth 8-6858] multi-driven net Q is connected to at least one constant driver which has been preserved, other driver is ignored [E:/Workplace/vivado file/Mario/Mario.srcs/sources_1/new/control.v:30]
CRITICAL WARNING: [Synth 8-6859] multi-driven net on pin Q with 1st driver pin 'con/edger_reg[5]__0/Q' [E:/Workplace/vivado file/Mario/Mario.srcs/sources_1/new/control.v:30]
CRITICAL WARNING: [Synth 8-6859] multi-driven net on pin Q with 2nd driver pin 'VCC' [E:/Workplace/vivado file/Mario/Mario.srcs/sources_1/new/control.v:30]
CRITICAL WARNING: [Synth 8-6858] multi-driven net Q is connected to at least one constant driver which has been preserved, other driver is ignored [E:/Workplace/vivado file/Mario/Mario.srcs/sources_1/new/control.v:30]
CRITICAL WARNING: [Synth 8-6859] multi-driven net on pin Q with 1st driver pin 'con/edger_reg[4]__0/Q' [E:/Workplace/vivado file/Mario/Mario.srcs/sources_1/new/control.v:30]
CRITICAL WARNING: [Synth 8-6859] multi-driven net on pin Q with 2nd driver pin 'GND' [E:/Workplace/vivado file/Mario/Mario.srcs/sources_1/new/control.v:30]
CRITICAL WARNING: [Synth 8-6858] multi-driven net Q is connected to at least one constant driver which has been preserved, other driver is ignored [E:/Workplace/vivado file/Mario/Mario.srcs/sources_1/new/control.v:30]
CRITICAL WARNING: [Synth 8-6859] multi-driven net on pin Q with 1st driver pin 'con/edger_reg[3]__0/Q' [E:/Workplace/vivado file/Mario/Mario.srcs/sources_1/new/control.v:30]
CRITICAL WARNING: [Synth 8-6859] multi-driven net on pin Q with 2nd driver pin 'VCC' [E:/Workplace/vivado file/Mario/Mario.srcs/sources_1/new/control.v:30]
CRITICAL WARNING: [Synth 8-6858] multi-driven net Q is connected to at least one constant driver which has been preserved, other driver is ignored [E:/Workplace/vivado file/Mario/Mario.srcs/sources_1/new/control.v:30]
CRITICAL WARNING: [Synth 8-6859] multi-driven net on pin Q with 1st driver pin 'con/edger_reg[2]__0/Q' [E:/Workplace/vivado file/Mario/Mario.srcs/sources_1/new/control.v:30]
CRITICAL WARNING: [Synth 8-6859] multi-driven net on pin Q with 2nd driver pin 'VCC' [E:/Workplace/vivado file/Mario/Mario.srcs/sources_1/new/control.v:30]
CRITICAL WARNING: [Synth 8-6858] multi-driven net Q is connected to at least one constant driver which has been preserved, other driver is ignored [E:/Workplace/vivado file/Mario/Mario.srcs/sources_1/new/control.v:30]
CRITICAL WARNING: [Synth 8-6859] multi-driven net on pin Q with 1st driver pin 'con/edger_reg[1]__0/Q' [E:/Workplace/vivado file/Mario/Mario.srcs/sources_1/new/control.v:30]
CRITICAL WARNING: [Synth 8-6859] multi-driven net on pin Q with 2nd driver pin 'VCC' [E:/Workplace/vivado file/Mario/Mario.srcs/sources_1/new/control.v:30]
CRITICAL WARNING: [Synth 8-6858] multi-driven net Q is connected to at least one constant driver which has been preserved, other driver is ignored [E:/Workplace/vivado file/Mario/Mario.srcs/sources_1/new/control.v:30]
CRITICAL WARNING: [Synth 8-6859] multi-driven net on pin Q with 1st driver pin 'con/edger_reg[0]__0/Q' [E:/Workplace/vivado file/Mario/Mario.srcs/sources_1/new/control.v:30]
CRITICAL WARNING: [Synth 8-6859] multi-driven net on pin Q with 2nd driver pin 'VCC' [E:/Workplace/vivado file/Mario/Mario.srcs/sources_1/new/control.v:30]
CRITICAL WARNING: [Synth 8-6858] multi-driven net Q is connected to at least one constant driver which has been preserved, other driver is ignored [E:/Workplace/vivado file/Mario/Mario.srcs/sources_1/new/control.v:30]
---------------------------------------------------------------------------------
Finished Cross Boundary and Area Optimization : Time (s): cpu = 00:00:20 ; elapsed = 00:00:21 . Memory (MB): peak = 805.613 ; gain = 472.102
---------------------------------------------------------------------------------

Report RTL Partitions: 
+-+--------------+------------+----------+
| |RTL Partition |Replication |Instances |
+-+--------------+------------+----------+
+-+--------------+------------+----------+
---------------------------------------------------------------------------------
Start Applying XDC Timing Constraints
---------------------------------------------------------------------------------
---------------------------------------------------------------------------------
Finished Applying XDC Timing Constraints : Time (s): cpu = 00:00:31 ; elapsed = 00:00:33 . Memory (MB): peak = 813.578 ; gain = 480.066
---------------------------------------------------------------------------------
---------------------------------------------------------------------------------
Start Timing Optimization
---------------------------------------------------------------------------------
---------------------------------------------------------------------------------
Finished Timing Optimization : Time (s): cpu = 00:00:31 ; elapsed = 00:00:33 . Memory (MB): peak = 813.859 ; gain = 480.348
---------------------------------------------------------------------------------

Report RTL Partitions: 
+-+--------------+------------+----------+
| |RTL Partition |Replication |Instances |
+-+--------------+------------+----------+
+-+--------------+------------+----------+
---------------------------------------------------------------------------------
Start Technology Mapping
---------------------------------------------------------------------------------
---------------------------------------------------------------------------------
Finished Technology Mapping : Time (s): cpu = 00:00:32 ; elapsed = 00:00:33 . Memory (MB): peak = 837.105 ; gain = 503.594
---------------------------------------------------------------------------------

Report RTL Partitions: 
+-+--------------+------------+----------+
| |RTL Partition |Replication |Instances |
+-+--------------+------------+----------+
+-+--------------+------------+----------+
---------------------------------------------------------------------------------
Start IO Insertion
---------------------------------------------------------------------------------
---------------------------------------------------------------------------------
Start Flattening Before IO Insertion
---------------------------------------------------------------------------------
---------------------------------------------------------------------------------
Finished Flattening Before IO Insertion
---------------------------------------------------------------------------------
---------------------------------------------------------------------------------
Start Final Netlist Cleanup
---------------------------------------------------------------------------------
---------------------------------------------------------------------------------
Finished Final Netlist Cleanup
---------------------------------------------------------------------------------
---------------------------------------------------------------------------------
Finished IO Insertion : Time (s): cpu = 00:00:33 ; elapsed = 00:00:35 . Memory (MB): peak = 837.105 ; gain = 503.594
---------------------------------------------------------------------------------

Report Check Netlist: 
+------+------------------+-------+---------+-------+------------------+
|      |Item              |Errors |Warnings |Status |Description       |
+------+------------------+-------+---------+-------+------------------+
|1     |multi_driven_nets |      0|        0|Passed |Multi driven nets |
+------+------------------+-------+---------+-------+------------------+
---------------------------------------------------------------------------------
Start Renaming Generated Instances
---------------------------------------------------------------------------------
---------------------------------------------------------------------------------
Finished Renaming Generated Instances : Time (s): cpu = 00:00:33 ; elapsed = 00:00:35 . Memory (MB): peak = 837.105 ; gain = 503.594
---------------------------------------------------------------------------------

Report RTL Partitions: 
+-+--------------+------------+----------+
| |RTL Partition |Replication |Instances |
+-+--------------+------------+----------+
+-+--------------+------------+----------+
---------------------------------------------------------------------------------
Start Rebuilding User Hierarchy
---------------------------------------------------------------------------------
---------------------------------------------------------------------------------
Finished Rebuilding User Hierarchy : Time (s): cpu = 00:00:33 ; elapsed = 00:00:35 . Memory (MB): peak = 837.105 ; gain = 503.594
---------------------------------------------------------------------------------
---------------------------------------------------------------------------------
Start Renaming Generated Ports
---------------------------------------------------------------------------------
---------------------------------------------------------------------------------
Finished Renaming Generated Ports : Time (s): cpu = 00:00:33 ; elapsed = 00:00:35 . Memory (MB): peak = 837.105 ; gain = 503.594
---------------------------------------------------------------------------------
---------------------------------------------------------------------------------
Start Handling Custom Attributes
---------------------------------------------------------------------------------
---------------------------------------------------------------------------------
Finished Handling Custom Attributes : Time (s): cpu = 00:00:33 ; elapsed = 00:00:35 . Memory (MB): peak = 837.105 ; gain = 503.594
---------------------------------------------------------------------------------
---------------------------------------------------------------------------------
Start Renaming Generated Nets
---------------------------------------------------------------------------------
---------------------------------------------------------------------------------
Finished Renaming Generated Nets : Time (s): cpu = 00:00:33 ; elapsed = 00:00:35 . Memory (MB): peak = 837.105 ; gain = 503.594
---------------------------------------------------------------------------------
---------------------------------------------------------------------------------
Start Writing Synthesis Report
---------------------------------------------------------------------------------

Report BlackBoxes: 
+-+--------------+----------+
| |BlackBox name |Instances |
+-+--------------+----------+
+-+--------------+----------+

Report Cell Usage: 
+------+-------+------+
|      |Cell   |Count |
+------+-------+------+
|1     |BUFG   |     1|
|2     |CARRY4 |    34|
|3     |LUT1   |     7|
|4     |LUT2   |    36|
|5     |LUT3   |    32|
|6     |LUT4   |    52|
|7     |LUT5   |    51|
|8     |LUT6   |    86|
|9     |MUXF7  |     6|
|10    |MUXF8  |     2|
|11    |FDCE   |     2|
|12    |FDRE   |    24|
|13    |FDSE   |     1|
|14    |IBUF   |     2|
|15    |OBUF   |    14|
+------+-------+------+

Report Instance Areas: 
+------+---------+------------+------+
|      |Instance |Module      |Cells |
+------+---------+------------+------+
|1     |top      |            |   350|
|2     |  area   |set_area    |   311|
|3     |  div    |div_clk     |     4|
|4     |  show   |show_blocks |    17|
+------+---------+------------+------+
---------------------------------------------------------------------------------
Finished Writing Synthesis Report : Time (s): cpu = 00:00:33 ; elapsed = 00:00:35 . Memory (MB): peak = 837.105 ; gain = 503.594
---------------------------------------------------------------------------------
Synthesis finished with 0 errors, 120 critical warnings and 1 warnings.
Synthesis Optimization Runtime : Time (s): cpu = 00:00:21 ; elapsed = 00:00:26 . Memory (MB): peak = 837.105 ; gain = 177.000
Synthesis Optimization Complete : Time (s): cpu = 00:00:33 ; elapsed = 00:00:35 . Memory (MB): peak = 837.105 ; gain = 503.594
INFO: [Project 1-571] Translating synthesized netlist
INFO: [Netlist 29-17] Analyzing 42 Unisim elements for replacement
INFO: [Netlist 29-28] Unisim Transformation completed in 0 CPU seconds
INFO: [Project 1-570] Preparing netlist for logic optimization
INFO: [Opt 31-138] Pushed 0 inverter(s) to 0 load pin(s).
Netlist sorting complete. Time (s): cpu = 00:00:00 ; elapsed = 00:00:00 . Memory (MB): peak = 837.105 ; gain = 0.000
INFO: [Project 1-111] Unisim Transformation Summary:
No Unisim elements were transformed.

INFO: [Common 17-83] Releasing license: Synthesis
37 Infos, 6 Warnings, 120 Critical Warnings and 0 Errors encountered.
synth_design completed successfully
synth_design: Time (s): cpu = 00:00:35 ; elapsed = 00:00:38 . Memory (MB): peak = 837.105 ; gain = 516.223
Netlist sorting complete. Time (s): cpu = 00:00:00 ; elapsed = 00:00:00 . Memory (MB): peak = 837.105 ; gain = 0.000
WARNING: [Constraints 18-5210] No constraints selected for write.
Resolution: This message can indicate that there are no constraints for the design, or it can indicate that the used_in flags are set such that the constraints are ignored. This later case is used when running synth_design to not write synthesis constraints to the resulting checkpoint. Instead, project constraints are read when the synthesized design is opened.
INFO: [Common 17-1381] The checkpoint 'E:/Workplace/vivado file/Mario/Mario.runs/synth_1/top.dcp' has been generated.
INFO: [runtcl-4] Executing : report_utilization -file top_utilization_synth.rpt -pb top_utilization_synth.pb
INFO: [Common 17-206] Exiting Vivado at Wed Jun 19 00:37:26 2019...
